[debug] [2023-03-30T06:42:33.146Z] ----------------------------------------------------------------------
[debug] [2023-03-30T06:42:33.147Z] Command:       /Users/Jonathan002/.nvm/versions/node/v16.15.0/bin/node /Users/Jonathan002/.nvm/versions/node/v16.15.0/bin/firebase init
[debug] [2023-03-30T06:42:33.147Z] CLI Version:   11.12.0
[debug] [2023-03-30T06:42:33.147Z] Platform:      darwin
[debug] [2023-03-30T06:42:33.147Z] Node Version:  v16.15.0
[debug] [2023-03-30T06:42:33.149Z] Time:          Thu Mar 30 2023 14:42:33 GMT+0800 (Philippine Standard Time)
[debug] [2023-03-30T06:42:33.150Z] ----------------------------------------------------------------------
[debug] 
[debug] [2023-03-30T06:42:33.151Z] >>> [apiv2][query] GET https://firebase-public.firebaseio.com/cli.json [none]
[debug] [2023-03-30T06:42:33.161Z] > command requires scopes: ["email","openid","https://www.googleapis.com/auth/cloudplatformprojects.readonly","https://www.googleapis.com/auth/firebase","https://www.googleapis.com/auth/cloud-platform"]
[debug] [2023-03-30T06:42:33.162Z] > authorizing via signed-in user (dev-services@jonathan.work)
[info] 
     ######## #### ########  ######## ########     ###     ######  ########
     ##        ##  ##     ## ##       ##     ##  ##   ##  ##       ##
     ######    ##  ########  ######   ########  #########  ######  ######
     ##        ##  ##    ##  ##       ##     ## ##     ##       ## ##
     ##       #### ##     ## ######## ########  ##     ##  ######  ########

You're about to initialize a Firebase project in this directory:

  /Users/Jonathan002/Desktop/test-project

[debug] [2023-03-30T06:42:33.689Z] <<< [apiv2][status] GET https://firebase-public.firebaseio.com/cli.json 200
[debug] [2023-03-30T06:42:33.689Z] <<< [apiv2][body] GET https://firebase-public.firebaseio.com/cli.json {"cloudBuildErrorAfter":1594252800000,"cloudBuildWarnAfter":1590019200000,"defaultNode10After":1594252800000,"minVersion":"3.0.5","node8DeploysDisabledAfter":1613390400000,"node8RuntimeDisabledAfter":1615809600000,"node8WarnAfter":1600128000000}
[info] 
=== Project Setup
[info] 
[info] First, let's associate this project directory with a Firebase project.
[info] You can create multiple project aliases by running firebase use --add, 
[info] but for now we'll just set up a default project.
[info] 
[debug] [2023-03-30T06:43:59.429Z] > refreshing access token with scopes: []
[debug] [2023-03-30T06:43:59.430Z] >>> [apiv2][query] POST https://www.googleapis.com/oauth2/v3/token [none]
[debug] [2023-03-30T06:43:59.430Z] >>> [apiv2][body] POST https://www.googleapis.com/oauth2/v3/token [omitted]
[debug] [2023-03-30T06:43:59.761Z] <<< [apiv2][status] POST https://www.googleapis.com/oauth2/v3/token 200
[debug] [2023-03-30T06:43:59.761Z] <<< [apiv2][body] POST https://www.googleapis.com/oauth2/v3/token [omitted]
[debug] [2023-03-30T06:43:59.780Z] >>> [apiv2][query] GET https://firebase.googleapis.com/v1beta1/projects pageSize=100
[debug] [2023-03-30T06:44:00.581Z] <<< [apiv2][status] GET https://firebase.googleapis.com/v1beta1/projects 200
[debug] [2023-03-30T06:44:00.581Z] <<< [apiv2][body] GET https://firebase.googleapis.com/v1beta1/projects [omitted]
[info] i  Using project test-project-f417d (test project) 
[info] 
=== Hosting Setup
[info] 
[info] Your public directory is the folder (relative to your project directory) that
[info] will contain Hosting assets to be uploaded with firebase deploy. If you
[info] have a build process for your assets, use your build's output directory.
[info] 
[debug] [2023-03-30T06:44:28.668Z] >>> [apiv2][query] GET https://www.gstatic.com/firebasejs/releases.json [none]
[debug] [2023-03-30T06:44:28.847Z] <<< [apiv2][status] GET https://www.gstatic.com/firebasejs/releases.json 200
[debug] [2023-03-30T06:44:28.847Z] <<< [apiv2][body] GET https://www.gstatic.com/firebasejs/releases.json {"current":{"version":"9.18.0","browserURL":"https://www.gstatic.com/firebasejs/9.18.0/firebase.js","packageURL":"https://www.gstatic.com/firebasejs/9.18.0/firebase.tgz"},"live":{"version":"9.18","browserURL":"https://www.gstatic.com/firebasejs/live/9.18/firebase.js","packageURL":"https://www.gstatic.com/firebasejs/live/9.18/firebase.tgz"},"components":{"analytics":"https://www.gstatic.com/firebasejs/9.18.0/firebase-analytics.js","app":"https://www.gstatic.com/firebasejs/9.18.0/firebase-app.js","app-check":"https://www.gstatic.com/firebasejs/9.18.0/firebase-app-check.js","auth":"https://www.gstatic.com/firebasejs/9.18.0/firebase-auth.js","auth/cordova":"https://www.gstatic.com/firebasejs/9.18.0/firebase-auth/cordova.js","auth/react-native":"https://www.gstatic.com/firebasejs/9.18.0/firebase-auth/react-native.js","functions":"https://www.gstatic.com/firebasejs/9.18.0/firebase-functions.js","firestore":"https://www.gstatic.com/firebasejs/9.18.0/firebase-firestore.js","firestore/lite":"https://www.gstatic.com/firebasejs/9.18.0/firebase-firestore/lite.js","installations":"https://www.gstatic.com/firebasejs/9.18.0/firebase-installations.js","storage":"https://www.gstatic.com/firebasejs/9.18.0/firebase-storage.js","performance":"https://www.gstatic.com/firebasejs/9.18.0/firebase-performance.js","remote-config":"https://www.gstatic.com/firebasejs/9.18.0/firebase-remote-config.js","messaging":"https://www.gstatic.com/firebasejs/9.18.0/firebase-messaging.js","messaging/sw":"https://www.gstatic.com/firebasejs/9.18.0/firebase-messaging/sw.js","database":"https://www.gstatic.com/firebasejs/9.18.0/firebase-database.js","firestore.memory":"https://www.gstatic.com/firebasejs/9.18.0/firebase-firestore.memory.js"}}
[info] ✔  Wrote dist/index.html 
[info] 
[info] i  Detected a .git folder at /Users/Jonathan002/Desktop/test-project 
[info] i  Authorizing with GitHub to upload your service account to a GitHub repository's secrets store. 
[info] 
[info] Visit this URL on this device to log in:
[info] https://github.com/login/oauth/authorize?client_id=89cf50f02ac6aaed3484&state=99821480&redirect_uri=http%3A%2F%2Flocalhost%3A9005&scope=read%3Auser%20repo%20public_repo
[info] 
[info] Waiting for authentication...
[debug] [2023-03-30T06:46:57.446Z] >>> [apiv2][query] POST https://github.com/login/oauth/access_token [none]
[debug] [2023-03-30T06:46:57.448Z] >>> [apiv2][body] POST https://github.com/login/oauth/access_token [stream]
[debug] [2023-03-30T06:46:57.993Z] <<< [apiv2][status] POST https://github.com/login/oauth/access_token 200
[debug] [2023-03-30T06:46:57.993Z] <<< [apiv2][body] POST https://github.com/login/oauth/access_token {"access_token":"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","token_type":"bearer","scope":"read:user,repo"}
[debug] [2023-03-30T06:46:58.007Z] >>> [apiv2][query] GET https://api.github.com/user [none]
[debug] [2023-03-30T06:46:58.607Z] <<< [apiv2][status] GET https://api.github.com/user 200
[debug] [2023-03-30T06:46:58.608Z] <<< [apiv2][body] GET https://api.github.com/user {"login":"Jonathan002","id":9410295,"node_id":"MDQ6VXNlcjk0MTAyOTU=","avatar_url":"https://avatars.githubusercontent.com/u/9410295?v=4","gravatar_id":"","url":"https://api.github.com/users/Jonathan002","html_url":"https://github.com/Jonathan002","followers_url":"https://api.github.com/users/Jonathan002/followers","following_url":"https://api.github.com/users/Jonathan002/following{/other_user}","gists_url":"https://api.github.com/users/Jonathan002/gists{/gist_id}","starred_url":"https://api.github.com/users/Jonathan002/starred{/owner}{/repo}","subscriptions_url":"https://api.github.com/users/Jonathan002/subscriptions","organizations_url":"https://api.github.com/users/Jonathan002/orgs","repos_url":"https://api.github.com/users/Jonathan002/repos","events_url":"https://api.github.com/users/Jonathan002/events{/privacy}","received_events_url":"https://api.github.com/users/Jonathan002/received_events","type":"User","site_admin":false,"name":"Jonathan Fernandez","company":null,"blog":"","location":null,"email":null,"hireable":null,"bio":"I'm a developer that loves to code and passionately enjoys learning new things!","twitter_username":null,"public_repos":26,"public_gists":0,"followers":0,"following":0,"created_at":"2014-10-27T02:14:42Z","updated_at":"2023-03-30T06:46:49Z","private_gists":0,"total_private_repos":21,"owned_private_repos":20,"disk_usage":840211,"collaborators":0,"two_factor_authentication":true,"plan":{"name":"pro","space":976562499,"collaborators":0,"private_repos":9999}}
[info] 
[info] ✔  Success! Logged into GitHub as Jonathan002 
[info] 
